<?xml version="1.0" encoding="UTF-8"?>
<testng-results ignored="0" total="2" passed="2" failed="0" skipped="0">
  <reporter-output>
  </reporter-output>
  <suite started-at="2021-07-10T20:36:52Z" name="Default suite" finished-at="2021-07-10T20:36:52Z" duration-ms="66">
    <groups>
    </groups>
    <test started-at="2021-07-10T20:36:52Z" name="Default test" finished-at="2021-07-10T20:36:52Z" duration-ms="66">
      <class name="com.crm.vtiger.ProductTest.CreateProductTest">
        <test-method signature="createProductWithId()[pri:0, instance:com.crm.vtiger.ProductTest.CreateProductTest@5a5338df]" started-at="2021-07-10T20:36:52Z" name="createProductWithId" finished-at="2021-07-10T20:36:52Z" duration-ms="15" status="PASS">
          <reporter-output>
          </reporter-output>
        </test-method> <!-- createProductWithId -->
        <test-method signature="createProductWithNameTest()[pri:0, instance:com.crm.vtiger.ProductTest.CreateProductTest@5a5338df]" started-at="2021-07-10T20:36:52Z" name="createProductWithNameTest" finished-at="2021-07-10T20:36:52Z" duration-ms="3" status="PASS">
          <reporter-output>
          </reporter-output>
        </test-method> <!-- createProductWithNameTest -->
      </class> <!-- com.crm.vtiger.ProductTest.CreateProductTest -->
    </test> <!-- Default test -->
  </suite> <!-- Default suite -->
</testng-results>
